<?xml version="1.0" encoding="UTF-8"?>
<!-- Generated by org.testng.reporters.JUnitReportReporter -->
<testsuite hostname="DESKTOP-9RRSD5S" failures="0" tests="1" name="assured.rest.TestGetPost" time="3.324" errors="0" timestamp="2024-08-17T11:27:44 IST" skipped="0">
  <testcase classname="assured.rest.TestGetPost" name="testPost" time="3.324"/>
  <system-out/>
</testsuite> <!-- assured.rest.TestGetPost -->
