<?xml version="1.0" encoding="UTF-8"?>
<!-- Generated by org.testng.reporters.JUnitReportReporter -->
<testsuite hostname="DESKTOP-9RRSD5S" failures="0" tests="3" name="assured.rest.PutPatchDelet" time="3.585" errors="0" timestamp="2024-08-17T11:58:03 IST" skipped="0">
  <testcase classname="assured.rest.PutPatchDelet" name="patchTest" time="0.593"/>
  <system-out/>
  <testcase classname="assured.rest.PutPatchDelet" name="deletTest" time="2.519"/>
  <system-out/>
  <testcase classname="assured.rest.PutPatchDelet" name="putTest" time="0.473"/>
  <system-out/>
</testsuite> <!-- assured.rest.PutPatchDelet -->
